<?xml version="1.0" encoding="UTF-8"?>
<!-- Generated by org.testng.reporters.JUnitReportReporter -->
<testsuite hostname="USMUMSAMJAIN01" failures="0" tests="3" name="NaveenAutomationLabs.PracticeSession.DependsOnMethodConcept" time="0.011" errors="0" timestamp="8 Aug 2022 16:58:55 GMT">
  <testcase classname="NaveenAutomationLabs.PracticeSession.DependsOnMethodConcept" name="searchTest" time="0.001"/>
  <testcase classname="NaveenAutomationLabs.PracticeSession.DependsOnMethodConcept" name="paymentTest" time="0.001"/>
  <testcase classname="NaveenAutomationLabs.PracticeSession.DependsOnMethodConcept" name="loginTest" time="0.009"/>
</testsuite> <!-- NaveenAutomationLabs.PracticeSession.DependsOnMethodConcept -->
