<?xml version="1.0" encoding="UTF-8"?>
<!-- Generated by org.testng.reporters.JUnitReportReporter -->
<testsuite hostname="USMUMSAMJAIN01" failures="0" tests="3" name="NaveenAutomationLabs.PracticeSession.GroupingConcept" time="0.020" errors="0" timestamp="10 Aug 2022 17:53:41 GMT">
  <testcase classname="NaveenAutomationLabs.PracticeSession.GroupingConcept" name="m1" time="0.015"/>
  <testcase classname="NaveenAutomationLabs.PracticeSession.GroupingConcept" name="m2" time="0.002"/>
  <testcase classname="NaveenAutomationLabs.PracticeSession.GroupingConcept" name="m5" time="0.003"/>
</testsuite> <!-- NaveenAutomationLabs.PracticeSession.GroupingConcept -->
